Vivado Simulator 2019.1
Copyright 1986-1999, 2001-2019 Xilinx, Inc. All Rights Reserved.
Running: D:/Xilinx/Vivado/2019.1/bin/unwrapped/win64.o/xelab.exe -wto e89ca1b8bf08401d86fea87a84c8990c --incr --debug typical --relax --mt 2 -L xil_defaultlib -L secureip --snapshot control_sequencer_func_synth xil_defaultlib.control_sequencer -log elaborate.log 
Using 2 slave threads.
Starting static elaboration
Completed static elaboration
Starting simulation data flow analysis
Completed simulation data flow analysis
Time Resolution for simulation is 1ps
Compiling package std.standard
Compiling package std.textio
Compiling package ieee.std_logic_1164
Compiling package ieee.numeric_std
Compiling package unisim.vcomponents
Compiling package ieee.vital_timing
Compiling package ieee.vital_primitives
Compiling package unisim.vpkg
Compiling architecture lut2_v of entity unisim.LUT2 [\LUT2(init="0001")(0,3)\]
Compiling architecture lut2_v of entity unisim.LUT2 [\LUT2(init="1000")(0,3)\]
Compiling architecture lut2_v of entity unisim.LUT2 [\LUT2(init="1110")(0,3)\]
Compiling architecture lut5_v of entity unisim.LUT5 [\LUT5(init="11111111111111111111...]
Compiling architecture lut6_v of entity unisim.LUT6 [\LUT6(init="11111111111111111111...]
Compiling architecture lut4_v of entity unisim.LUT4 [\LUT4(init="1111100010001000")(0...]
Compiling architecture lut3_v of entity unisim.LUT3 [\LUT3(init="00000110")(0,7)\]
Compiling architecture lut4_v of entity unisim.LUT4 [\LUT4(init="0001010101000000")(0...]
Compiling architecture lut4_v of entity unisim.LUT4 [\LUT4(init="1000010010000000")(0...]
Compiling architecture lut5_v of entity unisim.LUT5 [\LUT5(init="00111110110011110000...]
Compiling architecture lut4_v of entity unisim.LUT4 [\LUT4(init="0000000000000001")(0...]
Compiling architecture lut4_v of entity unisim.LUT4 [\LUT4(init="0000000010000000")(0...]
Compiling architecture lut6_v of entity unisim.LUT6 [\LUT6(init="01000000000000001011...]
Compiling architecture lut6_v of entity unisim.LUT6 [\LUT6(init="01010101010101011001...]
Compiling architecture lut4_v of entity unisim.LUT4 [\LUT4(init="1000000000000100")(0...]
Compiling architecture lut4_v of entity unisim.LUT4 [\LUT4(init="1000010001100001")(0...]
Compiling architecture lut4_v of entity unisim.LUT4 [\LUT4(init="1010000000000110")(0...]
Compiling architecture lut4_v of entity unisim.LUT4 [\LUT4(init="0000000000000100")(0...]
Compiling architecture lut5_v of entity unisim.LUT5 [\LUT5(init="00010101010101010100...]
Compiling architecture lut4_v of entity unisim.LUT4 [\LUT4(init="1001000000000000")(0...]
Compiling architecture lut4_v of entity unisim.LUT4 [\LUT4(init="0000100100000000")(0...]
Compiling architecture lut4_v of entity unisim.LUT4 [\LUT4(init="0001000000000000")(0...]
Compiling architecture lut4_v of entity unisim.LUT4 [\LUT4(init="1001000001001000")(0...]
Compiling architecture fdre_v of entity unisim.FDRE [fdre_default]
Compiling architecture carry4_v of entity unisim.CARRY4 [carry4_default]
Compiling architecture lut5_v of entity unisim.LUT5 [\LUT5(init="10111110101110101010...]
Compiling architecture structure of entity xil_defaultlib.presettable_counter [presettable_counter_default]
Compiling architecture fdce_v of entity unisim.FDCE [\FDCE(is_c_inverted='1')\]
Compiling architecture fdpe_v of entity unisim.FDPE [\FDPE(is_c_inverted='1')\]
Compiling architecture structure of entity xil_defaultlib.ring_counter [ring_counter_default]
Compiling architecture structure of entity xil_defaultlib.control_sequencer
Built simulation snapshot control_sequencer_func_synth
