
*** Running vivado
    with args -log sap_1.vds -m64 -product Vivado -mode batch -messageDb vivado.pb -notrace -source sap_1.tcl


****** Vivado v2019.1 (64-bit)
  **** SW Build 2552052 on Fri May 24 14:49:42 MDT 2019
  **** IP Build 2548770 on Fri May 24 18:01:18 MDT 2019
    ** Copyright 1986-2019 Xilinx, Inc. All Rights Reserved.

source sap_1.tcl -notrace
create_project: Time (s): cpu = 00:00:02 ; elapsed = 00:00:07 . Memory (MB): peak = 357.508 ; gain = 77.652
Command: synth_design -top sap_1 -part xc7a35tcpg236-1
Starting synth_design
Attempting to get a license for feature 'Synthesis' and/or device 'xc7a35t'
INFO: [Common 17-349] Got license for feature 'Synthesis' and/or device 'xc7a35t'
INFO: [Device 21-403] Loading part xc7a35tcpg236-1
INFO: Launching helper process for spawning children vivado processes
INFO: Helper process launched with PID 5084 
---------------------------------------------------------------------------------
Starting RTL Elaboration : Time (s): cpu = 00:00:03 ; elapsed = 00:00:03 . Memory (MB): peak = 794.230 ; gain = 177.496
---------------------------------------------------------------------------------
INFO: [Synth 8-638] synthesizing module 'sap_1' [D:/Documents/Vivado/SAP_1/SAP_1.srcs/sources_1/new/sap_1.vhd:18]
INFO: [Synth 8-3491] module 'program_counter' declared at 'D:/Documents/Vivado/SAP_1/SAP_1.srcs/sources_1/new/program_counter.vhd:6' bound to instance 'U0' of component 'program_counter' [D:/Documents/Vivado/SAP_1/SAP_1.srcs/sources_1/new/sap_1.vhd:203]
INFO: [Synth 8-638] synthesizing module 'program_counter' [D:/Documents/Vivado/SAP_1/SAP_1.srcs/sources_1/new/program_counter.vhd:14]
WARNING: [Synth 8-614] signal 'Q_tmp' is read in the process but is not in the sensitivity list [D:/Documents/Vivado/SAP_1/SAP_1.srcs/sources_1/new/program_counter.vhd:19]
INFO: [Synth 8-256] done synthesizing module 'program_counter' (1#1) [D:/Documents/Vivado/SAP_1/SAP_1.srcs/sources_1/new/program_counter.vhd:14]
INFO: [Synth 8-3491] module 'mar' declared at 'D:/Documents/Vivado/SAP_1/SAP_1.srcs/sources_1/new/mar.vhd:5' bound to instance 'U1' of component 'mar' [D:/Documents/Vivado/SAP_1/SAP_1.srcs/sources_1/new/sap_1.vhd:204]
INFO: [Synth 8-638] synthesizing module 'mar' [D:/Documents/Vivado/SAP_1/SAP_1.srcs/sources_1/new/mar.vhd:13]
WARNING: [Synth 8-614] signal 'Q_tmp' is read in the process but is not in the sensitivity list [D:/Documents/Vivado/SAP_1/SAP_1.srcs/sources_1/new/mar.vhd:18]
INFO: [Synth 8-256] done synthesizing module 'mar' (2#1) [D:/Documents/Vivado/SAP_1/SAP_1.srcs/sources_1/new/mar.vhd:13]
INFO: [Synth 8-3491] module 'ram' declared at 'D:/Documents/Vivado/SAP_1/SAP_1.srcs/sources_1/new/ram.vhd:6' bound to instance 'U2' of component 'ram' [D:/Documents/Vivado/SAP_1/SAP_1.srcs/sources_1/new/sap_1.vhd:205]
INFO: [Synth 8-638] synthesizing module 'ram' [D:/Documents/Vivado/SAP_1/SAP_1.srcs/sources_1/new/ram.vhd:16]
WARNING: [Synth 8-614] signal 'memory' is read in the process but is not in the sensitivity list [D:/Documents/Vivado/SAP_1/SAP_1.srcs/sources_1/new/ram.vhd:24]
WARNING: [Synth 8-614] signal 'addr_int' is read in the process but is not in the sensitivity list [D:/Documents/Vivado/SAP_1/SAP_1.srcs/sources_1/new/ram.vhd:24]
INFO: [Synth 8-256] done synthesizing module 'ram' (3#1) [D:/Documents/Vivado/SAP_1/SAP_1.srcs/sources_1/new/ram.vhd:16]
INFO: [Synth 8-3491] module 'instruction_register' declared at 'D:/Documents/Vivado/SAP_1/SAP_1.srcs/sources_1/new/instruction_register.vhd:5' bound to instance 'U3' of component 'instruction_register' [D:/Documents/Vivado/SAP_1/SAP_1.srcs/sources_1/new/sap_1.vhd:206]
INFO: [Synth 8-638] synthesizing module 'instruction_register' [D:/Documents/Vivado/SAP_1/SAP_1.srcs/sources_1/new/instruction_register.vhd:15]
WARNING: [Synth 8-614] signal 'Q_tmp' is read in the process but is not in the sensitivity list [D:/Documents/Vivado/SAP_1/SAP_1.srcs/sources_1/new/instruction_register.vhd:20]
INFO: [Synth 8-256] done synthesizing module 'instruction_register' (4#1) [D:/Documents/Vivado/SAP_1/SAP_1.srcs/sources_1/new/instruction_register.vhd:15]
INFO: [Synth 8-3491] module 'control_sequencer' declared at 'D:/Documents/Vivado/SAP_1/SAP_1.srcs/sources_1/new/control_sequencer.vhd:5' bound to instance 'U4' of component 'control_sequencer' [D:/Documents/Vivado/SAP_1/SAP_1.srcs/sources_1/new/sap_1.vhd:207]
INFO: [Synth 8-638] synthesizing module 'control_sequencer' [D:/Documents/Vivado/SAP_1/SAP_1.srcs/sources_1/new/control_sequencer.vhd:13]
INFO: [Synth 8-3491] module 'rom1' declared at 'D:/Documents/Vivado/SAP_1/SAP_1.srcs/sources_1/new/rom1.vhd:6' bound to instance 'U0' of component 'rom1' [D:/Documents/Vivado/SAP_1/SAP_1.srcs/sources_1/new/control_sequencer.vhd:70]
INFO: [Synth 8-638] synthesizing module 'rom1' [D:/Documents/Vivado/SAP_1/SAP_1.srcs/sources_1/new/rom1.vhd:11]
INFO: [Synth 8-256] done synthesizing module 'rom1' (5#1) [D:/Documents/Vivado/SAP_1/SAP_1.srcs/sources_1/new/rom1.vhd:11]
INFO: [Synth 8-3491] module 'edge_detector' declared at 'D:/Documents/Vivado/SAP_1/SAP_1.srcs/sources_1/new/edge_detector.vhd:5' bound to instance 'U1' of component 'edge_detector' [D:/Documents/Vivado/SAP_1/SAP_1.srcs/sources_1/new/control_sequencer.vhd:71]
INFO: [Synth 8-638] synthesizing module 'edge_detector' [D:/Documents/Vivado/SAP_1/SAP_1.srcs/sources_1/new/edge_detector.vhd:10]
INFO: [Synth 8-256] done synthesizing module 'edge_detector' (6#1) [D:/Documents/Vivado/SAP_1/SAP_1.srcs/sources_1/new/edge_detector.vhd:10]
INFO: [Synth 8-3491] module 'presettable_counter' declared at 'D:/Documents/Vivado/SAP_1/SAP_1.srcs/sources_1/new/presettable_counter.vhd:6' bound to instance 'U2' of component 'presettable_counter' [D:/Documents/Vivado/SAP_1/SAP_1.srcs/sources_1/new/control_sequencer.vhd:72]
INFO: [Synth 8-638] synthesizing module 'presettable_counter' [D:/Documents/Vivado/SAP_1/SAP_1.srcs/sources_1/new/presettable_counter.vhd:14]
WARNING: [Synth 8-614] signal 'Q_tmp' is read in the process but is not in the sensitivity list [D:/Documents/Vivado/SAP_1/SAP_1.srcs/sources_1/new/presettable_counter.vhd:19]
INFO: [Synth 8-256] done synthesizing module 'presettable_counter' (7#1) [D:/Documents/Vivado/SAP_1/SAP_1.srcs/sources_1/new/presettable_counter.vhd:14]
INFO: [Synth 8-3491] module 'rom2' declared at 'D:/Documents/Vivado/SAP_1/SAP_1.srcs/sources_1/new/rom2.vhd:6' bound to instance 'U3' of component 'rom2' [D:/Documents/Vivado/SAP_1/SAP_1.srcs/sources_1/new/control_sequencer.vhd:73]
INFO: [Synth 8-638] synthesizing module 'rom2' [D:/Documents/Vivado/SAP_1/SAP_1.srcs/sources_1/new/rom2.vhd:11]
INFO: [Synth 8-256] done synthesizing module 'rom2' (8#1) [D:/Documents/Vivado/SAP_1/SAP_1.srcs/sources_1/new/rom2.vhd:11]
INFO: [Synth 8-3491] module 'ring_counter' declared at 'D:/Documents/Vivado/SAP_1/SAP_1.srcs/sources_1/new/ring_counter.vhd:5' bound to instance 'U4' of component 'ring_counter' [D:/Documents/Vivado/SAP_1/SAP_1.srcs/sources_1/new/control_sequencer.vhd:74]
INFO: [Synth 8-638] synthesizing module 'ring_counter' [D:/Documents/Vivado/SAP_1/SAP_1.srcs/sources_1/new/ring_counter.vhd:11]
WARNING: [Synth 8-614] signal 'T_temp' is read in the process but is not in the sensitivity list [D:/Documents/Vivado/SAP_1/SAP_1.srcs/sources_1/new/ring_counter.vhd:16]
INFO: [Synth 8-256] done synthesizing module 'ring_counter' (9#1) [D:/Documents/Vivado/SAP_1/SAP_1.srcs/sources_1/new/ring_counter.vhd:11]
INFO: [Synth 8-256] done synthesizing module 'control_sequencer' (10#1) [D:/Documents/Vivado/SAP_1/SAP_1.srcs/sources_1/new/control_sequencer.vhd:13]
INFO: [Synth 8-3491] module 'accumulator' declared at 'D:/Documents/Vivado/SAP_1/SAP_1.srcs/sources_1/new/accumulator.vhd:5' bound to instance 'U5' of component 'accumulator' [D:/Documents/Vivado/SAP_1/SAP_1.srcs/sources_1/new/sap_1.vhd:208]
INFO: [Synth 8-638] synthesizing module 'accumulator' [D:/Documents/Vivado/SAP_1/SAP_1.srcs/sources_1/new/accumulator.vhd:15]
WARNING: [Synth 8-614] signal 'Q_tmp' is read in the process but is not in the sensitivity list [D:/Documents/Vivado/SAP_1/SAP_1.srcs/sources_1/new/accumulator.vhd:20]
INFO: [Synth 8-256] done synthesizing module 'accumulator' (11#1) [D:/Documents/Vivado/SAP_1/SAP_1.srcs/sources_1/new/accumulator.vhd:15]
INFO: [Synth 8-3491] module 'adder_subtractor' declared at 'D:/Documents/Vivado/SAP_1/SAP_1.srcs/sources_1/new/adder_subtractor.vhd:6' bound to instance 'U6' of component 'adder_subtractor' [D:/Documents/Vivado/SAP_1/SAP_1.srcs/sources_1/new/sap_1.vhd:209]
INFO: [Synth 8-638] synthesizing module 'adder_subtractor' [D:/Documents/Vivado/SAP_1/SAP_1.srcs/sources_1/new/adder_subtractor.vhd:14]
WARNING: [Synth 8-3936] Found unconnected internal register 'result_reg' and it is trimmed from '9' to '8' bits. [D:/Documents/Vivado/SAP_1/SAP_1.srcs/sources_1/new/adder_subtractor.vhd:19]
INFO: [Synth 8-256] done synthesizing module 'adder_subtractor' (12#1) [D:/Documents/Vivado/SAP_1/SAP_1.srcs/sources_1/new/adder_subtractor.vhd:14]
INFO: [Synth 8-3491] module 'b_register' declared at 'D:/Documents/Vivado/SAP_1/SAP_1.srcs/sources_1/new/b_register.vhd:5' bound to instance 'U7' of component 'b_register' [D:/Documents/Vivado/SAP_1/SAP_1.srcs/sources_1/new/sap_1.vhd:210]
INFO: [Synth 8-638] synthesizing module 'b_register' [D:/Documents/Vivado/SAP_1/SAP_1.srcs/sources_1/new/b_register.vhd:13]
WARNING: [Synth 8-614] signal 'Q_tmp' is read in the process but is not in the sensitivity list [D:/Documents/Vivado/SAP_1/SAP_1.srcs/sources_1/new/b_register.vhd:18]
INFO: [Synth 8-256] done synthesizing module 'b_register' (13#1) [D:/Documents/Vivado/SAP_1/SAP_1.srcs/sources_1/new/b_register.vhd:13]
INFO: [Synth 8-3491] module 'output_register' declared at 'D:/Documents/Vivado/SAP_1/SAP_1.srcs/sources_1/new/output_register.vhd:5' bound to instance 'U8' of component 'output_register' [D:/Documents/Vivado/SAP_1/SAP_1.srcs/sources_1/new/sap_1.vhd:211]
INFO: [Synth 8-638] synthesizing module 'output_register' [D:/Documents/Vivado/SAP_1/SAP_1.srcs/sources_1/new/output_register.vhd:13]
WARNING: [Synth 8-614] signal 'Q_tmp' is read in the process but is not in the sensitivity list [D:/Documents/Vivado/SAP_1/SAP_1.srcs/sources_1/new/output_register.vhd:18]
INFO: [Synth 8-256] done synthesizing module 'output_register' (14#1) [D:/Documents/Vivado/SAP_1/SAP_1.srcs/sources_1/new/output_register.vhd:13]
INFO: [Synth 8-3491] module 'seven_segment_driver' declared at 'D:/Documents/Vivado/SAP_1/SAP_1.srcs/sources_1/new/seven_segment_driver.vhd:7' bound to instance 'U9' of component 'seven_segment_driver' [D:/Documents/Vivado/SAP_1/SAP_1.srcs/sources_1/new/sap_1.vhd:212]
INFO: [Synth 8-638] synthesizing module 'seven_segment_driver' [D:/Documents/Vivado/SAP_1/SAP_1.srcs/sources_1/new/seven_segment_driver.vhd:15]
WARNING: [Synth 8-614] signal 'refresh_counter' is read in the process but is not in the sensitivity list [D:/Documents/Vivado/SAP_1/SAP_1.srcs/sources_1/new/seven_segment_driver.vhd:32]
WARNING: [Synth 8-614] signal 'x' is read in the process but is not in the sensitivity list [D:/Documents/Vivado/SAP_1/SAP_1.srcs/sources_1/new/seven_segment_driver.vhd:40]
WARNING: [Synth 8-614] signal 'y' is read in the process but is not in the sensitivity list [D:/Documents/Vivado/SAP_1/SAP_1.srcs/sources_1/new/seven_segment_driver.vhd:40]
WARNING: [Synth 8-614] signal 'number_array' is read in the process but is not in the sensitivity list [D:/Documents/Vivado/SAP_1/SAP_1.srcs/sources_1/new/seven_segment_driver.vhd:57]
INFO: [Synth 8-256] done synthesizing module 'seven_segment_driver' (15#1) [D:/Documents/Vivado/SAP_1/SAP_1.srcs/sources_1/new/seven_segment_driver.vhd:15]
INFO: [Synth 8-3491] module 'edge_detector' declared at 'D:/Documents/Vivado/SAP_1/SAP_1.srcs/sources_1/new/edge_detector.vhd:5' bound to instance 'U10' of component 'edge_detector' [D:/Documents/Vivado/SAP_1/SAP_1.srcs/sources_1/new/sap_1.vhd:213]
CRITICAL WARNING: [Synth 8-6859] multi-driven net on pin D:/Documents/Vivado/SAP_1/SAP_1.srcs/sources_1/new/sap_1.vhd-211.4 with 1st driver pin 'sap_1:/U2/Dout[4]' [D:/Documents/Vivado/SAP_1/SAP_1.srcs/sources_1/new/sap_1.vhd:211]
CRITICAL WARNING: [Synth 8-6859] multi-driven net on pin D:/Documents/Vivado/SAP_1/SAP_1.srcs/sources_1/new/sap_1.vhd-211.4 with 2nd driver pin 'GND' [D:/Documents/Vivado/SAP_1/SAP_1.srcs/sources_1/new/sap_1.vhd:211]
CRITICAL WARNING: [Synth 8-6858] multi-driven net D:/Documents/Vivado/SAP_1/SAP_1.srcs/sources_1/new/sap_1.vhd-211.4 is connected to at least one constant driver which has been preserved, other driver is ignored [D:/Documents/Vivado/SAP_1/SAP_1.srcs/sources_1/new/sap_1.vhd:211]
CRITICAL WARNING: [Synth 8-6859] multi-driven net on pin D:/Documents/Vivado/SAP_1/SAP_1.srcs/sources_1/new/sap_1.vhd-211.4 with 1st driver pin 'sap_1:/U2/Dout[5]' [D:/Documents/Vivado/SAP_1/SAP_1.srcs/sources_1/new/sap_1.vhd:211]
CRITICAL WARNING: [Synth 8-6859] multi-driven net on pin D:/Documents/Vivado/SAP_1/SAP_1.srcs/sources_1/new/sap_1.vhd-211.4 with 2nd driver pin 'GND' [D:/Documents/Vivado/SAP_1/SAP_1.srcs/sources_1/new/sap_1.vhd:211]
CRITICAL WARNING: [Synth 8-6858] multi-driven net D:/Documents/Vivado/SAP_1/SAP_1.srcs/sources_1/new/sap_1.vhd-211.4 is connected to at least one constant driver which has been preserved, other driver is ignored [D:/Documents/Vivado/SAP_1/SAP_1.srcs/sources_1/new/sap_1.vhd:211]
CRITICAL WARNING: [Synth 8-6859] multi-driven net on pin D:/Documents/Vivado/SAP_1/SAP_1.srcs/sources_1/new/sap_1.vhd-211.4 with 1st driver pin 'sap_1:/U2/Dout[6]' [D:/Documents/Vivado/SAP_1/SAP_1.srcs/sources_1/new/sap_1.vhd:211]
CRITICAL WARNING: [Synth 8-6859] multi-driven net on pin D:/Documents/Vivado/SAP_1/SAP_1.srcs/sources_1/new/sap_1.vhd-211.4 with 2nd driver pin 'GND' [D:/Documents/Vivado/SAP_1/SAP_1.srcs/sources_1/new/sap_1.vhd:211]
CRITICAL WARNING: [Synth 8-6858] multi-driven net D:/Documents/Vivado/SAP_1/SAP_1.srcs/sources_1/new/sap_1.vhd-211.4 is connected to at least one constant driver which has been preserved, other driver is ignored [D:/Documents/Vivado/SAP_1/SAP_1.srcs/sources_1/new/sap_1.vhd:211]
CRITICAL WARNING: [Synth 8-6859] multi-driven net on pin D:/Documents/Vivado/SAP_1/SAP_1.srcs/sources_1/new/sap_1.vhd-211.4 with 1st driver pin 'sap_1:/U2/Dout[7]' [D:/Documents/Vivado/SAP_1/SAP_1.srcs/sources_1/new/sap_1.vhd:211]
CRITICAL WARNING: [Synth 8-6859] multi-driven net on pin D:/Documents/Vivado/SAP_1/SAP_1.srcs/sources_1/new/sap_1.vhd-211.4 with 2nd driver pin 'GND' [D:/Documents/Vivado/SAP_1/SAP_1.srcs/sources_1/new/sap_1.vhd:211]
CRITICAL WARNING: [Synth 8-6858] multi-driven net D:/Documents/Vivado/SAP_1/SAP_1.srcs/sources_1/new/sap_1.vhd-211.4 is connected to at least one constant driver which has been preserved, other driver is ignored [D:/Documents/Vivado/SAP_1/SAP_1.srcs/sources_1/new/sap_1.vhd:211]
CRITICAL WARNING: [Synth 8-6859] multi-driven net on pin D:/Documents/Vivado/SAP_1/SAP_1.srcs/sources_1/new/sap_1.vhd-208.4 with 1st driver pin 'sap_1:/U2/Dout[4]' [D:/Documents/Vivado/SAP_1/SAP_1.srcs/sources_1/new/sap_1.vhd:208]
CRITICAL WARNING: [Synth 8-6859] multi-driven net on pin D:/Documents/Vivado/SAP_1/SAP_1.srcs/sources_1/new/sap_1.vhd-208.4 with 2nd driver pin 'GND' [D:/Documents/Vivado/SAP_1/SAP_1.srcs/sources_1/new/sap_1.vhd:208]
CRITICAL WARNING: [Synth 8-6858] multi-driven net D:/Documents/Vivado/SAP_1/SAP_1.srcs/sources_1/new/sap_1.vhd-208.4 is connected to at least one constant driver which has been preserved, other driver is ignored [D:/Documents/Vivado/SAP_1/SAP_1.srcs/sources_1/new/sap_1.vhd:208]
CRITICAL WARNING: [Synth 8-6859] multi-driven net on pin D:/Documents/Vivado/SAP_1/SAP_1.srcs/sources_1/new/sap_1.vhd-208.4 with 1st driver pin 'sap_1:/U2/Dout[5]' [D:/Documents/Vivado/SAP_1/SAP_1.srcs/sources_1/new/sap_1.vhd:208]
CRITICAL WARNING: [Synth 8-6859] multi-driven net on pin D:/Documents/Vivado/SAP_1/SAP_1.srcs/sources_1/new/sap_1.vhd-208.4 with 2nd driver pin 'GND' [D:/Documents/Vivado/SAP_1/SAP_1.srcs/sources_1/new/sap_1.vhd:208]
CRITICAL WARNING: [Synth 8-6858] multi-driven net D:/Documents/Vivado/SAP_1/SAP_1.srcs/sources_1/new/sap_1.vhd-208.4 is connected to at least one constant driver which has been preserved, other driver is ignored [D:/Documents/Vivado/SAP_1/SAP_1.srcs/sources_1/new/sap_1.vhd:208]
CRITICAL WARNING: [Synth 8-6859] multi-driven net on pin D:/Documents/Vivado/SAP_1/SAP_1.srcs/sources_1/new/sap_1.vhd-208.4 with 1st driver pin 'sap_1:/U2/Dout[6]' [D:/Documents/Vivado/SAP_1/SAP_1.srcs/sources_1/new/sap_1.vhd:208]
CRITICAL WARNING: [Synth 8-6859] multi-driven net on pin D:/Documents/Vivado/SAP_1/SAP_1.srcs/sources_1/new/sap_1.vhd-208.4 with 2nd driver pin 'GND' [D:/Documents/Vivado/SAP_1/SAP_1.srcs/sources_1/new/sap_1.vhd:208]
CRITICAL WARNING: [Synth 8-6858] multi-driven net D:/Documents/Vivado/SAP_1/SAP_1.srcs/sources_1/new/sap_1.vhd-208.4 is connected to at least one constant driver which has been preserved, other driver is ignored [D:/Documents/Vivado/SAP_1/SAP_1.srcs/sources_1/new/sap_1.vhd:208]
CRITICAL WARNING: [Synth 8-6859] multi-driven net on pin D:/Documents/Vivado/SAP_1/SAP_1.srcs/sources_1/new/sap_1.vhd-208.4 with 1st driver pin 'sap_1:/U2/Dout[7]' [D:/Documents/Vivado/SAP_1/SAP_1.srcs/sources_1/new/sap_1.vhd:208]
CRITICAL WARNING: [Synth 8-6859] multi-driven net on pin D:/Documents/Vivado/SAP_1/SAP_1.srcs/sources_1/new/sap_1.vhd-208.4 with 2nd driver pin 'GND' [D:/Documents/Vivado/SAP_1/SAP_1.srcs/sources_1/new/sap_1.vhd:208]
CRITICAL WARNING: [Synth 8-6858] multi-driven net D:/Documents/Vivado/SAP_1/SAP_1.srcs/sources_1/new/sap_1.vhd-208.4 is connected to at least one constant driver which has been preserved, other driver is ignored [D:/Documents/Vivado/SAP_1/SAP_1.srcs/sources_1/new/sap_1.vhd:208]
CRITICAL WARNING: [Synth 8-6859] multi-driven net on pin D:/Documents/Vivado/SAP_1/SAP_1.srcs/sources_1/new/sap_1.vhd-206.4 with 1st driver pin 'sap_1:/U2/Dout[4]' [D:/Documents/Vivado/SAP_1/SAP_1.srcs/sources_1/new/sap_1.vhd:206]
CRITICAL WARNING: [Synth 8-6859] multi-driven net on pin D:/Documents/Vivado/SAP_1/SAP_1.srcs/sources_1/new/sap_1.vhd-206.4 with 2nd driver pin 'GND' [D:/Documents/Vivado/SAP_1/SAP_1.srcs/sources_1/new/sap_1.vhd:206]
CRITICAL WARNING: [Synth 8-6858] multi-driven net D:/Documents/Vivado/SAP_1/SAP_1.srcs/sources_1/new/sap_1.vhd-206.4 is connected to at least one constant driver which has been preserved, other driver is ignored [D:/Documents/Vivado/SAP_1/SAP_1.srcs/sources_1/new/sap_1.vhd:206]
CRITICAL WARNING: [Synth 8-6859] multi-driven net on pin D:/Documents/Vivado/SAP_1/SAP_1.srcs/sources_1/new/sap_1.vhd-206.4 with 1st driver pin 'sap_1:/U2/Dout[5]' [D:/Documents/Vivado/SAP_1/SAP_1.srcs/sources_1/new/sap_1.vhd:206]
CRITICAL WARNING: [Synth 8-6859] multi-driven net on pin D:/Documents/Vivado/SAP_1/SAP_1.srcs/sources_1/new/sap_1.vhd-206.4 with 2nd driver pin 'GND' [D:/Documents/Vivado/SAP_1/SAP_1.srcs/sources_1/new/sap_1.vhd:206]
CRITICAL WARNING: [Synth 8-6858] multi-driven net D:/Documents/Vivado/SAP_1/SAP_1.srcs/sources_1/new/sap_1.vhd-206.4 is connected to at least one constant driver which has been preserved, other driver is ignored [D:/Documents/Vivado/SAP_1/SAP_1.srcs/sources_1/new/sap_1.vhd:206]
CRITICAL WARNING: [Synth 8-6859] multi-driven net on pin D:/Documents/Vivado/SAP_1/SAP_1.srcs/sources_1/new/sap_1.vhd-206.4 with 1st driver pin 'sap_1:/U2/Dout[6]' [D:/Documents/Vivado/SAP_1/SAP_1.srcs/sources_1/new/sap_1.vhd:206]
CRITICAL WARNING: [Synth 8-6859] multi-driven net on pin D:/Documents/Vivado/SAP_1/SAP_1.srcs/sources_1/new/sap_1.vhd-206.4 with 2nd driver pin 'GND' [D:/Documents/Vivado/SAP_1/SAP_1.srcs/sources_1/new/sap_1.vhd:206]
CRITICAL WARNING: [Synth 8-6858] multi-driven net D:/Documents/Vivado/SAP_1/SAP_1.srcs/sources_1/new/sap_1.vhd-206.4 is connected to at least one constant driver which has been preserved, other driver is ignored [D:/Documents/Vivado/SAP_1/SAP_1.srcs/sources_1/new/sap_1.vhd:206]
CRITICAL WARNING: [Synth 8-6859] multi-driven net on pin D:/Documents/Vivado/SAP_1/SAP_1.srcs/sources_1/new/sap_1.vhd-206.4 with 1st driver pin 'sap_1:/U2/Dout[7]' [D:/Documents/Vivado/SAP_1/SAP_1.srcs/sources_1/new/sap_1.vhd:206]
CRITICAL WARNING: [Synth 8-6859] multi-driven net on pin D:/Documents/Vivado/SAP_1/SAP_1.srcs/sources_1/new/sap_1.vhd-206.4 with 2nd driver pin 'GND' [D:/Documents/Vivado/SAP_1/SAP_1.srcs/sources_1/new/sap_1.vhd:206]
CRITICAL WARNING: [Synth 8-6858] multi-driven net D:/Documents/Vivado/SAP_1/SAP_1.srcs/sources_1/new/sap_1.vhd-206.4 is connected to at least one constant driver which has been preserved, other driver is ignored [D:/Documents/Vivado/SAP_1/SAP_1.srcs/sources_1/new/sap_1.vhd:206]
CRITICAL WARNING: [Synth 8-6859] multi-driven net on pin D:/Documents/Vivado/SAP_1/SAP_1.srcs/sources_1/new/sap_1.vhd-210.4 with 1st driver pin 'sap_1:/U2/Dout[4]' [D:/Documents/Vivado/SAP_1/SAP_1.srcs/sources_1/new/sap_1.vhd:210]
CRITICAL WARNING: [Synth 8-6859] multi-driven net on pin D:/Documents/Vivado/SAP_1/SAP_1.srcs/sources_1/new/sap_1.vhd-210.4 with 2nd driver pin 'GND' [D:/Documents/Vivado/SAP_1/SAP_1.srcs/sources_1/new/sap_1.vhd:210]
CRITICAL WARNING: [Synth 8-6858] multi-driven net D:/Documents/Vivado/SAP_1/SAP_1.srcs/sources_1/new/sap_1.vhd-210.4 is connected to at least one constant driver which has been preserved, other driver is ignored [D:/Documents/Vivado/SAP_1/SAP_1.srcs/sources_1/new/sap_1.vhd:210]
CRITICAL WARNING: [Synth 8-6859] multi-driven net on pin D:/Documents/Vivado/SAP_1/SAP_1.srcs/sources_1/new/sap_1.vhd-210.4 with 1st driver pin 'sap_1:/U2/Dout[5]' [D:/Documents/Vivado/SAP_1/SAP_1.srcs/sources_1/new/sap_1.vhd:210]
CRITICAL WARNING: [Synth 8-6859] multi-driven net on pin D:/Documents/Vivado/SAP_1/SAP_1.srcs/sources_1/new/sap_1.vhd-210.4 with 2nd driver pin 'GND' [D:/Documents/Vivado/SAP_1/SAP_1.srcs/sources_1/new/sap_1.vhd:210]
CRITICAL WARNING: [Synth 8-6858] multi-driven net D:/Documents/Vivado/SAP_1/SAP_1.srcs/sources_1/new/sap_1.vhd-210.4 is connected to at least one constant driver which has been preserved, other driver is ignored [D:/Documents/Vivado/SAP_1/SAP_1.srcs/sources_1/new/sap_1.vhd:210]
CRITICAL WARNING: [Synth 8-6859] multi-driven net on pin D:/Documents/Vivado/SAP_1/SAP_1.srcs/sources_1/new/sap_1.vhd-210.4 with 1st driver pin 'sap_1:/U2/Dout[6]' [D:/Documents/Vivado/SAP_1/SAP_1.srcs/sources_1/new/sap_1.vhd:210]
CRITICAL WARNING: [Synth 8-6859] multi-driven net on pin D:/Documents/Vivado/SAP_1/SAP_1.srcs/sources_1/new/sap_1.vhd-210.4 with 2nd driver pin 'GND' [D:/Documents/Vivado/SAP_1/SAP_1.srcs/sources_1/new/sap_1.vhd:210]
CRITICAL WARNING: [Synth 8-6858] multi-driven net D:/Documents/Vivado/SAP_1/SAP_1.srcs/sources_1/new/sap_1.vhd-210.4 is connected to at least one constant driver which has been preserved, other driver is ignored [D:/Documents/Vivado/SAP_1/SAP_1.srcs/sources_1/new/sap_1.vhd:210]
CRITICAL WARNING: [Synth 8-6859] multi-driven net on pin D:/Documents/Vivado/SAP_1/SAP_1.srcs/sources_1/new/sap_1.vhd-210.4 with 1st driver pin 'sap_1:/U2/Dout[7]' [D:/Documents/Vivado/SAP_1/SAP_1.srcs/sources_1/new/sap_1.vhd:210]
CRITICAL WARNING: [Synth 8-6859] multi-driven net on pin D:/Documents/Vivado/SAP_1/SAP_1.srcs/sources_1/new/sap_1.vhd-210.4 with 2nd driver pin 'GND' [D:/Documents/Vivado/SAP_1/SAP_1.srcs/sources_1/new/sap_1.vhd:210]
CRITICAL WARNING: [Synth 8-6858] multi-driven net D:/Documents/Vivado/SAP_1/SAP_1.srcs/sources_1/new/sap_1.vhd-210.4 is connected to at least one constant driver which has been preserved, other driver is ignored [D:/Documents/Vivado/SAP_1/SAP_1.srcs/sources_1/new/sap_1.vhd:210]
INFO: [Synth 8-256] done synthesizing module 'sap_1' (16#1) [D:/Documents/Vivado/SAP_1/SAP_1.srcs/sources_1/new/sap_1.vhd:18]
---------------------------------------------------------------------------------
Finished RTL Elaboration : Time (s): cpu = 00:00:04 ; elapsed = 00:00:04 . Memory (MB): peak = 860.012 ; gain = 243.277
---------------------------------------------------------------------------------

Report Check Netlist: 
+------+------------------+-------+---------+-------+------------------+
|      |Item              |Errors |Warnings |Status |Description       |
+------+------------------+-------+---------+-------+------------------+
|1     |multi_driven_nets |      0|        0|Passed |Multi driven nets |
+------+------------------+-------+---------+-------+------------------+
---------------------------------------------------------------------------------
Start Handling Custom Attributes
---------------------------------------------------------------------------------
---------------------------------------------------------------------------------
Finished Handling Custom Attributes : Time (s): cpu = 00:00:05 ; elapsed = 00:00:05 . Memory (MB): peak = 860.012 ; gain = 243.277
---------------------------------------------------------------------------------
---------------------------------------------------------------------------------
Finished RTL Optimization Phase 1 : Time (s): cpu = 00:00:05 ; elapsed = 00:00:05 . Memory (MB): peak = 860.012 ; gain = 243.277
---------------------------------------------------------------------------------
INFO: [Project 1-570] Preparing netlist for logic optimization

Processing XDC Constraints
Initializing timing engine
Parsing XDC File [D:/Documents/Vivado/SAP_1/SAP_1.srcs/constrs_1/imports/XDC/Basys3_Master.xdc]
WARNING: [Vivado 12-584] No ports matched 'sw[2]'. [D:/Documents/Vivado/SAP_1/SAP_1.srcs/constrs_1/imports/XDC/Basys3_Master.xdc:44]
CRITICAL WARNING: [Common 17-55] 'set_property' expects at least one object. [D:/Documents/Vivado/SAP_1/SAP_1.srcs/constrs_1/imports/XDC/Basys3_Master.xdc:44]
Resolution: If [get_<value>] was used to populate the object, check to make sure this command returns at least one valid object.
WARNING: [Vivado 12-584] No ports matched 'prog_run_led'. [D:/Documents/Vivado/SAP_1/SAP_1.srcs/constrs_1/imports/XDC/Basys3_Master.xdc:50]
CRITICAL WARNING: [Common 17-55] 'set_property' expects at least one object. [D:/Documents/Vivado/SAP_1/SAP_1.srcs/constrs_1/imports/XDC/Basys3_Master.xdc:50]
Resolution: If [get_<value>] was used to populate the object, check to make sure this command returns at least one valid object.
WARNING: [Vivado 12-584] No ports matched 'prog_run_led'. [D:/Documents/Vivado/SAP_1/SAP_1.srcs/constrs_1/imports/XDC/Basys3_Master.xdc:51]
CRITICAL WARNING: [Common 17-55] 'set_property' expects at least one object. [D:/Documents/Vivado/SAP_1/SAP_1.srcs/constrs_1/imports/XDC/Basys3_Master.xdc:51]
Resolution: If [get_<value>] was used to populate the object, check to make sure this command returns at least one valid object.
WARNING: [Vivado 12-584] No ports matched 'hex_dec_led'. [D:/Documents/Vivado/SAP_1/SAP_1.srcs/constrs_1/imports/XDC/Basys3_Master.xdc:54]
CRITICAL WARNING: [Common 17-55] 'set_property' expects at least one object. [D:/Documents/Vivado/SAP_1/SAP_1.srcs/constrs_1/imports/XDC/Basys3_Master.xdc:54]
Resolution: If [get_<value>] was used to populate the object, check to make sure this command returns at least one valid object.
WARNING: [Vivado 12-584] No ports matched 'hex_dec_led'. [D:/Documents/Vivado/SAP_1/SAP_1.srcs/constrs_1/imports/XDC/Basys3_Master.xdc:55]
CRITICAL WARNING: [Common 17-55] 'set_property' expects at least one object. [D:/Documents/Vivado/SAP_1/SAP_1.srcs/constrs_1/imports/XDC/Basys3_Master.xdc:55]
Resolution: If [get_<value>] was used to populate the object, check to make sure this command returns at least one valid object.
WARNING: [Vivado 12-584] No ports matched 'data_led[0]'. [D:/Documents/Vivado/SAP_1/SAP_1.srcs/constrs_1/imports/XDC/Basys3_Master.xdc:58]
CRITICAL WARNING: [Common 17-55] 'set_property' expects at least one object. [D:/Documents/Vivado/SAP_1/SAP_1.srcs/constrs_1/imports/XDC/Basys3_Master.xdc:58]
Resolution: If [get_<value>] was used to populate the object, check to make sure this command returns at least one valid object.
WARNING: [Vivado 12-584] No ports matched 'data_led[0]'. [D:/Documents/Vivado/SAP_1/SAP_1.srcs/constrs_1/imports/XDC/Basys3_Master.xdc:59]
CRITICAL WARNING: [Common 17-55] 'set_property' expects at least one object. [D:/Documents/Vivado/SAP_1/SAP_1.srcs/constrs_1/imports/XDC/Basys3_Master.xdc:59]
Resolution: If [get_<value>] was used to populate the object, check to make sure this command returns at least one valid object.
WARNING: [Vivado 12-584] No ports matched 'data_led[1]'. [D:/Documents/Vivado/SAP_1/SAP_1.srcs/constrs_1/imports/XDC/Basys3_Master.xdc:60]
CRITICAL WARNING: [Common 17-55] 'set_property' expects at least one object. [D:/Documents/Vivado/SAP_1/SAP_1.srcs/constrs_1/imports/XDC/Basys3_Master.xdc:60]
Resolution: If [get_<value>] was used to populate the object, check to make sure this command returns at least one valid object.
WARNING: [Vivado 12-584] No ports matched 'data_led[1]'. [D:/Documents/Vivado/SAP_1/SAP_1.srcs/constrs_1/imports/XDC/Basys3_Master.xdc:61]
CRITICAL WARNING: [Common 17-55] 'set_property' expects at least one object. [D:/Documents/Vivado/SAP_1/SAP_1.srcs/constrs_1/imports/XDC/Basys3_Master.xdc:61]
Resolution: If [get_<value>] was used to populate the object, check to make sure this command returns at least one valid object.
WARNING: [Vivado 12-584] No ports matched 'data_led[2]'. [D:/Documents/Vivado/SAP_1/SAP_1.srcs/constrs_1/imports/XDC/Basys3_Master.xdc:62]
CRITICAL WARNING: [Common 17-55] 'set_property' expects at least one object. [D:/Documents/Vivado/SAP_1/SAP_1.srcs/constrs_1/imports/XDC/Basys3_Master.xdc:62]
Resolution: If [get_<value>] was used to populate the object, check to make sure this command returns at least one valid object.
WARNING: [Vivado 12-584] No ports matched 'data_led[2]'. [D:/Documents/Vivado/SAP_1/SAP_1.srcs/constrs_1/imports/XDC/Basys3_Master.xdc:63]
CRITICAL WARNING: [Common 17-55] 'set_property' expects at least one object. [D:/Documents/Vivado/SAP_1/SAP_1.srcs/constrs_1/imports/XDC/Basys3_Master.xdc:63]
Resolution: If [get_<value>] was used to populate the object, check to make sure this command returns at least one valid object.
WARNING: [Vivado 12-584] No ports matched 'data_led[3]'. [D:/Documents/Vivado/SAP_1/SAP_1.srcs/constrs_1/imports/XDC/Basys3_Master.xdc:64]
CRITICAL WARNING: [Common 17-55] 'set_property' expects at least one object. [D:/Documents/Vivado/SAP_1/SAP_1.srcs/constrs_1/imports/XDC/Basys3_Master.xdc:64]
Resolution: If [get_<value>] was used to populate the object, check to make sure this command returns at least one valid object.
WARNING: [Vivado 12-584] No ports matched 'data_led[3]'. [D:/Documents/Vivado/SAP_1/SAP_1.srcs/constrs_1/imports/XDC/Basys3_Master.xdc:65]
CRITICAL WARNING: [Common 17-55] 'set_property' expects at least one object. [D:/Documents/Vivado/SAP_1/SAP_1.srcs/constrs_1/imports/XDC/Basys3_Master.xdc:65]
Resolution: If [get_<value>] was used to populate the object, check to make sure this command returns at least one valid object.
WARNING: [Vivado 12-584] No ports matched 'data_led[4]'. [D:/Documents/Vivado/SAP_1/SAP_1.srcs/constrs_1/imports/XDC/Basys3_Master.xdc:66]
CRITICAL WARNING: [Common 17-55] 'set_property' expects at least one object. [D:/Documents/Vivado/SAP_1/SAP_1.srcs/constrs_1/imports/XDC/Basys3_Master.xdc:66]
Resolution: If [get_<value>] was used to populate the object, check to make sure this command returns at least one valid object.
WARNING: [Vivado 12-584] No ports matched 'data_led[4]'. [D:/Documents/Vivado/SAP_1/SAP_1.srcs/constrs_1/imports/XDC/Basys3_Master.xdc:67]
CRITICAL WARNING: [Common 17-55] 'set_property' expects at least one object. [D:/Documents/Vivado/SAP_1/SAP_1.srcs/constrs_1/imports/XDC/Basys3_Master.xdc:67]
Resolution: If [get_<value>] was used to populate the object, check to make sure this command returns at least one valid object.
WARNING: [Vivado 12-584] No ports matched 'data_led[5]'. [D:/Documents/Vivado/SAP_1/SAP_1.srcs/constrs_1/imports/XDC/Basys3_Master.xdc:68]
CRITICAL WARNING: [Common 17-55] 'set_property' expects at least one object. [D:/Documents/Vivado/SAP_1/SAP_1.srcs/constrs_1/imports/XDC/Basys3_Master.xdc:68]
Resolution: If [get_<value>] was used to populate the object, check to make sure this command returns at least one valid object.
WARNING: [Vivado 12-584] No ports matched 'data_led[5]'. [D:/Documents/Vivado/SAP_1/SAP_1.srcs/constrs_1/imports/XDC/Basys3_Master.xdc:69]
CRITICAL WARNING: [Common 17-55] 'set_property' expects at least one object. [D:/Documents/Vivado/SAP_1/SAP_1.srcs/constrs_1/imports/XDC/Basys3_Master.xdc:69]
Resolution: If [get_<value>] was used to populate the object, check to make sure this command returns at least one valid object.
WARNING: [Vivado 12-584] No ports matched 'data_led[6]'. [D:/Documents/Vivado/SAP_1/SAP_1.srcs/constrs_1/imports/XDC/Basys3_Master.xdc:70]
CRITICAL WARNING: [Common 17-55] 'set_property' expects at least one object. [D:/Documents/Vivado/SAP_1/SAP_1.srcs/constrs_1/imports/XDC/Basys3_Master.xdc:70]
Resolution: If [get_<value>] was used to populate the object, check to make sure this command returns at least one valid object.
WARNING: [Vivado 12-584] No ports matched 'data_led[6]'. [D:/Documents/Vivado/SAP_1/SAP_1.srcs/constrs_1/imports/XDC/Basys3_Master.xdc:71]
CRITICAL WARNING: [Common 17-55] 'set_property' expects at least one object. [D:/Documents/Vivado/SAP_1/SAP_1.srcs/constrs_1/imports/XDC/Basys3_Master.xdc:71]
Resolution: If [get_<value>] was used to populate the object, check to make sure this command returns at least one valid object.
WARNING: [Vivado 12-584] No ports matched 'data_led[7]'. [D:/Documents/Vivado/SAP_1/SAP_1.srcs/constrs_1/imports/XDC/Basys3_Master.xdc:72]
CRITICAL WARNING: [Common 17-55] 'set_property' expects at least one object. [D:/Documents/Vivado/SAP_1/SAP_1.srcs/constrs_1/imports/XDC/Basys3_Master.xdc:72]
Resolution: If [get_<value>] was used to populate the object, check to make sure this command returns at least one valid object.
WARNING: [Vivado 12-584] No ports matched 'data_led[7]'. [D:/Documents/Vivado/SAP_1/SAP_1.srcs/constrs_1/imports/XDC/Basys3_Master.xdc:73]
CRITICAL WARNING: [Common 17-55] 'set_property' expects at least one object. [D:/Documents/Vivado/SAP_1/SAP_1.srcs/constrs_1/imports/XDC/Basys3_Master.xdc:73]
Resolution: If [get_<value>] was used to populate the object, check to make sure this command returns at least one valid object.
WARNING: [Vivado 12-584] No ports matched 'addr_led[0]'. [D:/Documents/Vivado/SAP_1/SAP_1.srcs/constrs_1/imports/XDC/Basys3_Master.xdc:76]
CRITICAL WARNING: [Common 17-55] 'set_property' expects at least one object. [D:/Documents/Vivado/SAP_1/SAP_1.srcs/constrs_1/imports/XDC/Basys3_Master.xdc:76]
Resolution: If [get_<value>] was used to populate the object, check to make sure this command returns at least one valid object.
WARNING: [Vivado 12-584] No ports matched 'addr_led[0]'. [D:/Documents/Vivado/SAP_1/SAP_1.srcs/constrs_1/imports/XDC/Basys3_Master.xdc:77]
CRITICAL WARNING: [Common 17-55] 'set_property' expects at least one object. [D:/Documents/Vivado/SAP_1/SAP_1.srcs/constrs_1/imports/XDC/Basys3_Master.xdc:77]
Resolution: If [get_<value>] was used to populate the object, check to make sure this command returns at least one valid object.
WARNING: [Vivado 12-584] No ports matched 'addr_led[1]'. [D:/Documents/Vivado/SAP_1/SAP_1.srcs/constrs_1/imports/XDC/Basys3_Master.xdc:78]
CRITICAL WARNING: [Common 17-55] 'set_property' expects at least one object. [D:/Documents/Vivado/SAP_1/SAP_1.srcs/constrs_1/imports/XDC/Basys3_Master.xdc:78]
Resolution: If [get_<value>] was used to populate the object, check to make sure this command returns at least one valid object.
WARNING: [Vivado 12-584] No ports matched 'addr_led[1]'. [D:/Documents/Vivado/SAP_1/SAP_1.srcs/constrs_1/imports/XDC/Basys3_Master.xdc:79]
CRITICAL WARNING: [Common 17-55] 'set_property' expects at least one object. [D:/Documents/Vivado/SAP_1/SAP_1.srcs/constrs_1/imports/XDC/Basys3_Master.xdc:79]
Resolution: If [get_<value>] was used to populate the object, check to make sure this command returns at least one valid object.
WARNING: [Vivado 12-584] No ports matched 'addr_led[2]'. [D:/Documents/Vivado/SAP_1/SAP_1.srcs/constrs_1/imports/XDC/Basys3_Master.xdc:80]
CRITICAL WARNING: [Common 17-55] 'set_property' expects at least one object. [D:/Documents/Vivado/SAP_1/SAP_1.srcs/constrs_1/imports/XDC/Basys3_Master.xdc:80]
Resolution: If [get_<value>] was used to populate the object, check to make sure this command returns at least one valid object.
WARNING: [Vivado 12-584] No ports matched 'addr_led[2]'. [D:/Documents/Vivado/SAP_1/SAP_1.srcs/constrs_1/imports/XDC/Basys3_Master.xdc:81]
CRITICAL WARNING: [Common 17-55] 'set_property' expects at least one object. [D:/Documents/Vivado/SAP_1/SAP_1.srcs/constrs_1/imports/XDC/Basys3_Master.xdc:81]
Resolution: If [get_<value>] was used to populate the object, check to make sure this command returns at least one valid object.
WARNING: [Vivado 12-584] No ports matched 'addr_led[3]'. [D:/Documents/Vivado/SAP_1/SAP_1.srcs/constrs_1/imports/XDC/Basys3_Master.xdc:82]
CRITICAL WARNING: [Common 17-55] 'set_property' expects at least one object. [D:/Documents/Vivado/SAP_1/SAP_1.srcs/constrs_1/imports/XDC/Basys3_Master.xdc:82]
Resolution: If [get_<value>] was used to populate the object, check to make sure this command returns at least one valid object.
WARNING: [Vivado 12-584] No ports matched 'addr_led[3]'. [D:/Documents/Vivado/SAP_1/SAP_1.srcs/constrs_1/imports/XDC/Basys3_Master.xdc:83]
CRITICAL WARNING: [Common 17-55] 'set_property' expects at least one object. [D:/Documents/Vivado/SAP_1/SAP_1.srcs/constrs_1/imports/XDC/Basys3_Master.xdc:83]
Resolution: If [get_<value>] was used to populate the object, check to make sure this command returns at least one valid object.
Finished Parsing XDC File [D:/Documents/Vivado/SAP_1/SAP_1.srcs/constrs_1/imports/XDC/Basys3_Master.xdc]
INFO: [Project 1-236] Implementation specific constraints were found while reading constraint file [D:/Documents/Vivado/SAP_1/SAP_1.srcs/constrs_1/imports/XDC/Basys3_Master.xdc]. These constraints will be ignored for synthesis but will be used in implementation. Impacted constraints are listed in the file [.Xil/sap_1_propImpl.xdc].
Resolution: To avoid this warning, move constraints listed in [.Xil/sap_1_propImpl.xdc] to another XDC file and exclude this new file from synthesis with the used_in_synthesis property (File Properties dialog in GUI) and re-run elaboration/synthesis.
Completed Processing XDC Constraints

Netlist sorting complete. Time (s): cpu = 00:00:00 ; elapsed = 00:00:00 . Memory (MB): peak = 981.703 ; gain = 0.000
INFO: [Project 1-111] Unisim Transformation Summary:
No Unisim elements were transformed.

Constraint Validation Runtime : Time (s): cpu = 00:00:00 ; elapsed = 00:00:00.020 . Memory (MB): peak = 981.703 ; gain = 0.000
---------------------------------------------------------------------------------
Finished Constraint Validation : Time (s): cpu = 00:00:10 ; elapsed = 00:00:11 . Memory (MB): peak = 981.703 ; gain = 364.969
---------------------------------------------------------------------------------
---------------------------------------------------------------------------------
Start Loading Part and Timing Information
---------------------------------------------------------------------------------
Loading part: xc7a35tcpg236-1
---------------------------------------------------------------------------------
Finished Loading Part and Timing Information : Time (s): cpu = 00:00:10 ; elapsed = 00:00:11 . Memory (MB): peak = 981.703 ; gain = 364.969
---------------------------------------------------------------------------------
---------------------------------------------------------------------------------
Start Applying 'set_property' XDC Constraints
---------------------------------------------------------------------------------
---------------------------------------------------------------------------------
Finished applying 'set_property' XDC Constraints : Time (s): cpu = 00:00:10 ; elapsed = 00:00:11 . Memory (MB): peak = 981.703 ; gain = 364.969
---------------------------------------------------------------------------------
INFO: [Synth 8-5818] HDL ADVISOR - The operator resource <adder> is shared. To prevent sharing consider applying a KEEP on the output of the operator [D:/Documents/Vivado/SAP_1/SAP_1.srcs/sources_1/new/adder_subtractor.vhd:19]
INFO: [Synth 8-5545] ROM "cathodes" won't be mapped to RAM because address size (32) is larger than maximum supported(25)
---------------------------------------------------------------------------------
Finished RTL Optimization Phase 2 : Time (s): cpu = 00:00:10 ; elapsed = 00:00:11 . Memory (MB): peak = 981.703 ; gain = 364.969
---------------------------------------------------------------------------------

Report RTL Partitions: 
+-+--------------+------------+----------+
| |RTL Partition |Replication |Instances |
+-+--------------+------------+----------+
+-+--------------+------------+----------+
---------------------------------------------------------------------------------
Start RTL Component Statistics 
---------------------------------------------------------------------------------
Detailed RTL Component Info : 
+---Adders : 
	   2 Input     32 Bit       Adders := 4     
	   3 Input     32 Bit       Adders := 4     
	   2 Input     31 Bit       Adders := 4     
	   3 Input      8 Bit       Adders := 1     
	   2 Input      4 Bit       Adders := 2     
+---Registers : 
	                8 Bit    Registers := 20    
	                6 Bit    Registers := 1     
	                4 Bit    Registers := 3     
+---Multipliers : 
	                 6x32  Multipliers := 4     
+---Muxes : 
	   2 Input     32 Bit        Muxes := 4     
	   4 Input     32 Bit        Muxes := 1     
	   2 Input     31 Bit        Muxes := 4     
	   2 Input      8 Bit        Muxes := 1     
	   2 Input      7 Bit        Muxes := 1     
	   2 Input      6 Bit        Muxes := 1     
	   2 Input      4 Bit        Muxes := 3     
	  16 Input      4 Bit        Muxes := 1     
	   4 Input      4 Bit        Muxes := 1     
	   2 Input      1 Bit        Muxes := 16    
---------------------------------------------------------------------------------
Finished RTL Component Statistics 
---------------------------------------------------------------------------------
---------------------------------------------------------------------------------
Start RTL Hierarchical Component Statistics 
---------------------------------------------------------------------------------
Hierarchical RTL Component report 
Module sap_1 
Detailed RTL Component Info : 
+---Muxes : 
	   2 Input      4 Bit        Muxes := 1     
Module program_counter 
Detailed RTL Component Info : 
+---Adders : 
	   2 Input      4 Bit       Adders := 1     
+---Registers : 
	                4 Bit    Registers := 1     
Module mar 
Detailed RTL Component Info : 
+---Registers : 
	                4 Bit    Registers := 1     
Module ram 
Detailed RTL Component Info : 
+---Registers : 
	                8 Bit    Registers := 16    
+---Muxes : 
	   2 Input      1 Bit        Muxes := 16    
Module instruction_register 
Detailed RTL Component Info : 
+---Registers : 
	                8 Bit    Registers := 1     
+---Muxes : 
	   2 Input      4 Bit        Muxes := 1     
Module rom1 
Detailed RTL Component Info : 
+---Muxes : 
	  16 Input      4 Bit        Muxes := 1     
Module presettable_counter 
Detailed RTL Component Info : 
+---Adders : 
	   2 Input      4 Bit       Adders := 1     
+---Registers : 
	                4 Bit    Registers := 1     
+---Muxes : 
	   2 Input      4 Bit        Muxes := 1     
Module ring_counter 
Detailed RTL Component Info : 
+---Registers : 
	                6 Bit    Registers := 1     
Module accumulator 
Detailed RTL Component Info : 
+---Registers : 
	                8 Bit    Registers := 1     
Module adder_subtractor 
Detailed RTL Component Info : 
+---Adders : 
	   3 Input      8 Bit       Adders := 1     
+---Muxes : 
	   2 Input      8 Bit        Muxes := 1     
Module b_register 
Detailed RTL Component Info : 
+---Registers : 
	                8 Bit    Registers := 1     
Module output_register 
Detailed RTL Component Info : 
+---Registers : 
	                8 Bit    Registers := 1     
Module seven_segment_driver 
Detailed RTL Component Info : 
+---Adders : 
	   2 Input     32 Bit       Adders := 4     
	   3 Input     32 Bit       Adders := 4     
	   2 Input     31 Bit       Adders := 4     
+---Multipliers : 
	                 6x32  Multipliers := 4     
+---Muxes : 
	   2 Input     32 Bit        Muxes := 4     
	   4 Input     32 Bit        Muxes := 1     
	   2 Input     31 Bit        Muxes := 4     
	   2 Input      7 Bit        Muxes := 1     
	   2 Input      6 Bit        Muxes := 1     
	   4 Input      4 Bit        Muxes := 1     
---------------------------------------------------------------------------------
Finished RTL Hierarchical Component Statistics
---------------------------------------------------------------------------------
---------------------------------------------------------------------------------
Start Part Resource Summary
---------------------------------------------------------------------------------
Part Resources:
DSPs: 90 (col length:60)
BRAMs: 100 (col length: RAMB18 60 RAMB36 30)
---------------------------------------------------------------------------------
Finished Part Resource Summary
---------------------------------------------------------------------------------
---------------------------------------------------------------------------------
Start Cross Boundary and Area Optimization
---------------------------------------------------------------------------------
Warning: Parallel synthesis criteria is not met 
INFO: [Synth 8-5845] Not enough pipeline registers after wide multiplier. Recommended levels of pipeline registers is 2 [D:/Documents/Vivado/SAP_1/SAP_1.srcs/sources_1/new/seven_segment_driver.vhd:54]
INFO: [Synth 8-5845] Not enough pipeline registers after wide multiplier. Recommended levels of pipeline registers is 2 [D:/Documents/Vivado/SAP_1/SAP_1.srcs/sources_1/new/seven_segment_driver.vhd:53]
INFO: [Synth 8-5845] Not enough pipeline registers after wide multiplier. Recommended levels of pipeline registers is 2 [D:/Documents/Vivado/SAP_1/SAP_1.srcs/sources_1/new/seven_segment_driver.vhd:52]
INFO: [Synth 8-5845] Not enough pipeline registers after wide multiplier. Recommended levels of pipeline registers is 2 [D:/Documents/Vivado/SAP_1/SAP_1.srcs/sources_1/new/seven_segment_driver.vhd:51]
DSP Report: Generating DSP number_array[3]1, operation Mode is: A*B.
DSP Report: operator number_array[3]1 is absorbed into DSP number_array[3]1.
DSP Report: operator number_array[3]1 is absorbed into DSP number_array[3]1.
DSP Report: Generating DSP number_array[3]1, operation Mode is: (PCIN>>17)+A*B.
DSP Report: operator number_array[3]1 is absorbed into DSP number_array[3]1.
DSP Report: operator number_array[3]1 is absorbed into DSP number_array[3]1.
DSP Report: Generating DSP number_array[2]1, operation Mode is: A*B.
DSP Report: operator number_array[2]1 is absorbed into DSP number_array[2]1.
DSP Report: operator number_array[2]1 is absorbed into DSP number_array[2]1.
DSP Report: Generating DSP number_array[2]1, operation Mode is: (PCIN>>17)+A*B.
DSP Report: operator number_array[2]1 is absorbed into DSP number_array[2]1.
DSP Report: operator number_array[2]1 is absorbed into DSP number_array[2]1.
DSP Report: Generating DSP number_array[1]1, operation Mode is: A*B.
DSP Report: operator number_array[1]1 is absorbed into DSP number_array[1]1.
DSP Report: operator number_array[1]1 is absorbed into DSP number_array[1]1.
DSP Report: Generating DSP number_array[1]1, operation Mode is: (PCIN>>17)+A*B.
DSP Report: operator number_array[1]1 is absorbed into DSP number_array[1]1.
DSP Report: operator number_array[1]1 is absorbed into DSP number_array[1]1.
DSP Report: Generating DSP number_array[0]1, operation Mode is: A*B.
DSP Report: operator number_array[0]1 is absorbed into DSP number_array[0]1.
DSP Report: operator number_array[0]1 is absorbed into DSP number_array[0]1.
DSP Report: Generating DSP number_array[0]1, operation Mode is: (PCIN>>17)+A*B.
DSP Report: operator number_array[0]1 is absorbed into DSP number_array[0]1.
DSP Report: operator number_array[0]1 is absorbed into DSP number_array[0]1.
INFO: [Synth 8-3886] merging instance 'U3/Q_tmp_reg[4]' (FDCE) to 'U3/Q_tmp_reg[7]'
INFO: [Synth 8-3886] merging instance 'U3/Q_tmp_reg[7]' (FDCE) to 'U3/Q_tmp_reg[6]'
INFO: [Synth 8-3886] merging instance 'U3/Q_tmp_reg[5]' (FDCE) to 'U3/Q_tmp_reg[6]'
INFO: [Synth 8-3333] propagating constant 0 across sequential element (\U3/Q_tmp_reg[6] )
INFO: [Synth 8-3886] merging instance 'U8/Q_tmp_reg[4]' (FDCE) to 'U8/Q_tmp_reg[7]'
INFO: [Synth 8-3886] merging instance 'U8/Q_tmp_reg[5]' (FDCE) to 'U8/Q_tmp_reg[7]'
INFO: [Synth 8-3886] merging instance 'U8/Q_tmp_reg[6]' (FDCE) to 'U8/Q_tmp_reg[7]'
INFO: [Synth 8-3333] propagating constant 0 across sequential element (\U8/Q_tmp_reg[7] )
CRITICAL WARNING: [Synth 8-6859] multi-driven net on pin D[4] with 1st driver pin 'i_10/z' [D:/Documents/Vivado/SAP_1/SAP_1.srcs/sources_1/new/ram.vhd:6]
CRITICAL WARNING: [Synth 8-6859] multi-driven net on pin D[4] with 2nd driver pin 'GND' [D:/Documents/Vivado/SAP_1/SAP_1.srcs/sources_1/new/ram.vhd:6]
CRITICAL WARNING: [Synth 8-6858] multi-driven net D[4] is connected to at least one constant driver which has been preserved, other driver is ignored [D:/Documents/Vivado/SAP_1/SAP_1.srcs/sources_1/new/ram.vhd:6]
CRITICAL WARNING: [Synth 8-6859] multi-driven net on pin D[5] with 1st driver pin 'i_11/z' [D:/Documents/Vivado/SAP_1/SAP_1.srcs/sources_1/new/ram.vhd:6]
CRITICAL WARNING: [Synth 8-6859] multi-driven net on pin D[5] with 2nd driver pin 'GND' [D:/Documents/Vivado/SAP_1/SAP_1.srcs/sources_1/new/ram.vhd:6]
CRITICAL WARNING: [Synth 8-6858] multi-driven net D[5] is connected to at least one constant driver which has been preserved, other driver is ignored [D:/Documents/Vivado/SAP_1/SAP_1.srcs/sources_1/new/ram.vhd:6]
CRITICAL WARNING: [Synth 8-6859] multi-driven net on pin D[6] with 1st driver pin 'i_12/z' [D:/Documents/Vivado/SAP_1/SAP_1.srcs/sources_1/new/ram.vhd:6]
CRITICAL WARNING: [Synth 8-6859] multi-driven net on pin D[6] with 2nd driver pin 'GND' [D:/Documents/Vivado/SAP_1/SAP_1.srcs/sources_1/new/ram.vhd:6]
CRITICAL WARNING: [Synth 8-6858] multi-driven net D[6] is connected to at least one constant driver which has been preserved, other driver is ignored [D:/Documents/Vivado/SAP_1/SAP_1.srcs/sources_1/new/ram.vhd:6]
CRITICAL WARNING: [Synth 8-6859] multi-driven net on pin D[7] with 1st driver pin 'i_13/z' [D:/Documents/Vivado/SAP_1/SAP_1.srcs/sources_1/new/ram.vhd:6]
CRITICAL WARNING: [Synth 8-6859] multi-driven net on pin D[7] with 2nd driver pin 'GND' [D:/Documents/Vivado/SAP_1/SAP_1.srcs/sources_1/new/ram.vhd:6]
CRITICAL WARNING: [Synth 8-6858] multi-driven net D[7] is connected to at least one constant driver which has been preserved, other driver is ignored [D:/Documents/Vivado/SAP_1/SAP_1.srcs/sources_1/new/ram.vhd:6]
CRITICAL WARNING: [Synth 8-6859] multi-driven net on pin Dout[4] with 1st driver pin 'i_22/z' [D:/Documents/Vivado/SAP_1/SAP_1.srcs/sources_1/new/accumulator.vhd:5]
CRITICAL WARNING: [Synth 8-6859] multi-driven net on pin Dout[4] with 2nd driver pin 'GND' [D:/Documents/Vivado/SAP_1/SAP_1.srcs/sources_1/new/accumulator.vhd:5]
CRITICAL WARNING: [Synth 8-6858] multi-driven net Dout[4] is connected to at least one constant driver which has been preserved, other driver is ignored [D:/Documents/Vivado/SAP_1/SAP_1.srcs/sources_1/new/accumulator.vhd:5]
CRITICAL WARNING: [Synth 8-6859] multi-driven net on pin Dout[5] with 1st driver pin 'i_23/z' [D:/Documents/Vivado/SAP_1/SAP_1.srcs/sources_1/new/accumulator.vhd:5]
CRITICAL WARNING: [Synth 8-6859] multi-driven net on pin Dout[5] with 2nd driver pin 'GND' [D:/Documents/Vivado/SAP_1/SAP_1.srcs/sources_1/new/accumulator.vhd:5]
CRITICAL WARNING: [Synth 8-6858] multi-driven net Dout[5] is connected to at least one constant driver which has been preserved, other driver is ignored [D:/Documents/Vivado/SAP_1/SAP_1.srcs/sources_1/new/accumulator.vhd:5]
CRITICAL WARNING: [Synth 8-6859] multi-driven net on pin Dout[6] with 1st driver pin 'i_24/z' [D:/Documents/Vivado/SAP_1/SAP_1.srcs/sources_1/new/accumulator.vhd:5]
CRITICAL WARNING: [Synth 8-6859] multi-driven net on pin Dout[6] with 2nd driver pin 'GND' [D:/Documents/Vivado/SAP_1/SAP_1.srcs/sources_1/new/accumulator.vhd:5]
CRITICAL WARNING: [Synth 8-6858] multi-driven net Dout[6] is connected to at least one constant driver which has been preserved, other driver is ignored [D:/Documents/Vivado/SAP_1/SAP_1.srcs/sources_1/new/accumulator.vhd:5]
CRITICAL WARNING: [Synth 8-6859] multi-driven net on pin Dout[7] with 1st driver pin 'i_25/z' [D:/Documents/Vivado/SAP_1/SAP_1.srcs/sources_1/new/accumulator.vhd:5]
CRITICAL WARNING: [Synth 8-6859] multi-driven net on pin Dout[7] with 2nd driver pin 'GND' [D:/Documents/Vivado/SAP_1/SAP_1.srcs/sources_1/new/accumulator.vhd:5]
CRITICAL WARNING: [Synth 8-6858] multi-driven net Dout[7] is connected to at least one constant driver which has been preserved, other driver is ignored [D:/Documents/Vivado/SAP_1/SAP_1.srcs/sources_1/new/accumulator.vhd:5]
CRITICAL WARNING: [Synth 8-6859] multi-driven net on pin Dout[4] with 1st driver pin 'i_30/z' [D:/Documents/Vivado/SAP_1/SAP_1.srcs/sources_1/new/adder_subtractor.vhd:6]
CRITICAL WARNING: [Synth 8-6859] multi-driven net on pin Dout[4] with 2nd driver pin 'GND' [D:/Documents/Vivado/SAP_1/SAP_1.srcs/sources_1/new/adder_subtractor.vhd:6]
CRITICAL WARNING: [Synth 8-6858] multi-driven net Dout[4] is connected to at least one constant driver which has been preserved, other driver is ignored [D:/Documents/Vivado/SAP_1/SAP_1.srcs/sources_1/new/adder_subtractor.vhd:6]
CRITICAL WARNING: [Synth 8-6859] multi-driven net on pin Dout[5] with 1st driver pin 'i_31/z' [D:/Documents/Vivado/SAP_1/SAP_1.srcs/sources_1/new/adder_subtractor.vhd:6]
CRITICAL WARNING: [Synth 8-6859] multi-driven net on pin Dout[5] with 2nd driver pin 'GND' [D:/Documents/Vivado/SAP_1/SAP_1.srcs/sources_1/new/adder_subtractor.vhd:6]
CRITICAL WARNING: [Synth 8-6858] multi-driven net Dout[5] is connected to at least one constant driver which has been preserved, other driver is ignored [D:/Documents/Vivado/SAP_1/SAP_1.srcs/sources_1/new/adder_subtractor.vhd:6]
CRITICAL WARNING: [Synth 8-6859] multi-driven net on pin Dout[6] with 1st driver pin 'i_32/z' [D:/Documents/Vivado/SAP_1/SAP_1.srcs/sources_1/new/adder_subtractor.vhd:6]
CRITICAL WARNING: [Synth 8-6859] multi-driven net on pin Dout[6] with 2nd driver pin 'GND' [D:/Documents/Vivado/SAP_1/SAP_1.srcs/sources_1/new/adder_subtractor.vhd:6]
CRITICAL WARNING: [Synth 8-6858] multi-driven net Dout[6] is connected to at least one constant driver which has been preserved, other driver is ignored [D:/Documents/Vivado/SAP_1/SAP_1.srcs/sources_1/new/adder_subtractor.vhd:6]
CRITICAL WARNING: [Synth 8-6859] multi-driven net on pin Dout[7] with 1st driver pin 'i_33/z' [D:/Documents/Vivado/SAP_1/SAP_1.srcs/sources_1/new/adder_subtractor.vhd:6]
CRITICAL WARNING: [Synth 8-6859] multi-driven net on pin Dout[7] with 2nd driver pin 'GND' [D:/Documents/Vivado/SAP_1/SAP_1.srcs/sources_1/new/adder_subtractor.vhd:6]
CRITICAL WARNING: [Synth 8-6858] multi-driven net Dout[7] is connected to at least one constant driver which has been preserved, other driver is ignored [D:/Documents/Vivado/SAP_1/SAP_1.srcs/sources_1/new/adder_subtractor.vhd:6]
---------------------------------------------------------------------------------
Finished Cross Boundary and Area Optimization : Time (s): cpu = 00:00:13 ; elapsed = 00:00:15 . Memory (MB): peak = 981.703 ; gain = 364.969
---------------------------------------------------------------------------------
---------------------------------------------------------------------------------
Start ROM, RAM, DSP and Shift Register Reporting
---------------------------------------------------------------------------------

DSP: Preliminary Mapping  Report (see note below)
+---------------------+----------------+--------+--------+--------+--------+--------+------+------+------+------+-------+------+------+
|Module Name          | DSP Mapping    | A Size | B Size | C Size | D Size | P Size | AREG | BREG | CREG | DREG | ADREG | MREG | PREG | 
+---------------------+----------------+--------+--------+--------+--------+--------+------+------+------+------+-------+------+------+
|seven_segment_driver | A*B            | 18     | 6      | -      | -      | 48     | 0    | 0    | -    | -    | -     | 0    | 0    | 
|seven_segment_driver | (PCIN>>17)+A*B | 15     | 6      | -      | -      | 48     | 0    | 0    | -    | -    | -     | 0    | 0    | 
|seven_segment_driver | A*B            | 18     | 6      | -      | -      | 48     | 0    | 0    | -    | -    | -     | 0    | 0    | 
|seven_segment_driver | (PCIN>>17)+A*B | 15     | 6      | -      | -      | 48     | 0    | 0    | -    | -    | -     | 0    | 0    | 
|seven_segment_driver | A*B            | 18     | 6      | -      | -      | 48     | 0    | 0    | -    | -    | -     | 0    | 0    | 
|seven_segment_driver | (PCIN>>17)+A*B | 15     | 6      | -      | -      | 48     | 0    | 0    | -    | -    | -     | 0    | 0    | 
|seven_segment_driver | A*B            | 18     | 6      | -      | -      | 48     | 0    | 0    | -    | -    | -     | 0    | 0    | 
|seven_segment_driver | (PCIN>>17)+A*B | 15     | 6      | -      | -      | 48     | 0    | 0    | -    | -    | -     | 0    | 0    | 
+---------------------+----------------+--------+--------+--------+--------+--------+------+------+------+------+-------+------+------+

Note: The table above is a preliminary report that shows the DSPs inferred at the current stage of the synthesis flow. Some DSP may be reimplemented as non DSP primitives later in the synthesis flow. Multiple instantiated DSPs are reported only once.
---------------------------------------------------------------------------------
Finished ROM, RAM, DSP and Shift Register Reporting
---------------------------------------------------------------------------------

Report RTL Partitions: 
+-+--------------+------------+----------+
| |RTL Partition |Replication |Instances |
+-+--------------+------------+----------+
+-+--------------+------------+----------+
---------------------------------------------------------------------------------
Start Applying XDC Timing Constraints
---------------------------------------------------------------------------------
---------------------------------------------------------------------------------
Finished Applying XDC Timing Constraints : Time (s): cpu = 00:00:25 ; elapsed = 00:00:27 . Memory (MB): peak = 1002.941 ; gain = 386.207
---------------------------------------------------------------------------------
---------------------------------------------------------------------------------
Start Timing Optimization
---------------------------------------------------------------------------------
---------------------------------------------------------------------------------
Finished Timing Optimization : Time (s): cpu = 00:00:26 ; elapsed = 00:00:27 . Memory (MB): peak = 1026.465 ; gain = 409.730
---------------------------------------------------------------------------------

Report RTL Partitions: 
+-+--------------+------------+----------+
| |RTL Partition |Replication |Instances |
+-+--------------+------------+----------+
+-+--------------+------------+----------+
---------------------------------------------------------------------------------
Start Technology Mapping
---------------------------------------------------------------------------------
---------------------------------------------------------------------------------
Finished Technology Mapping : Time (s): cpu = 00:00:27 ; elapsed = 00:00:28 . Memory (MB): peak = 1027.375 ; gain = 410.641
---------------------------------------------------------------------------------

Report RTL Partitions: 
+-+--------------+------------+----------+
| |RTL Partition |Replication |Instances |
+-+--------------+------------+----------+
+-+--------------+------------+----------+
---------------------------------------------------------------------------------
Start IO Insertion
---------------------------------------------------------------------------------
---------------------------------------------------------------------------------
Start Flattening Before IO Insertion
---------------------------------------------------------------------------------
---------------------------------------------------------------------------------
Finished Flattening Before IO Insertion
---------------------------------------------------------------------------------
---------------------------------------------------------------------------------
Start Final Netlist Cleanup
---------------------------------------------------------------------------------
---------------------------------------------------------------------------------
Finished Final Netlist Cleanup
---------------------------------------------------------------------------------
---------------------------------------------------------------------------------
Finished IO Insertion : Time (s): cpu = 00:00:29 ; elapsed = 00:00:30 . Memory (MB): peak = 1041.203 ; gain = 424.469
---------------------------------------------------------------------------------

Report Check Netlist: 
+------+------------------+-------+---------+-------+------------------+
|      |Item              |Errors |Warnings |Status |Description       |
+------+------------------+-------+---------+-------+------------------+
|1     |multi_driven_nets |      0|        0|Passed |Multi driven nets |
+------+------------------+-------+---------+-------+------------------+
---------------------------------------------------------------------------------
Start Renaming Generated Instances
---------------------------------------------------------------------------------
---------------------------------------------------------------------------------
Finished Renaming Generated Instances : Time (s): cpu = 00:00:29 ; elapsed = 00:00:30 . Memory (MB): peak = 1041.203 ; gain = 424.469
---------------------------------------------------------------------------------

Report RTL Partitions: 
+-+--------------+------------+----------+
| |RTL Partition |Replication |Instances |
+-+--------------+------------+----------+
+-+--------------+------------+----------+
---------------------------------------------------------------------------------
Start Rebuilding User Hierarchy
---------------------------------------------------------------------------------
---------------------------------------------------------------------------------
Finished Rebuilding User Hierarchy : Time (s): cpu = 00:00:29 ; elapsed = 00:00:31 . Memory (MB): peak = 1041.203 ; gain = 424.469
---------------------------------------------------------------------------------
---------------------------------------------------------------------------------
Start Renaming Generated Ports
---------------------------------------------------------------------------------
---------------------------------------------------------------------------------
Finished Renaming Generated Ports : Time (s): cpu = 00:00:29 ; elapsed = 00:00:31 . Memory (MB): peak = 1041.203 ; gain = 424.469
---------------------------------------------------------------------------------
---------------------------------------------------------------------------------
Start Handling Custom Attributes
---------------------------------------------------------------------------------
---------------------------------------------------------------------------------
Finished Handling Custom Attributes : Time (s): cpu = 00:00:29 ; elapsed = 00:00:31 . Memory (MB): peak = 1041.203 ; gain = 424.469
---------------------------------------------------------------------------------
---------------------------------------------------------------------------------
Start Renaming Generated Nets
---------------------------------------------------------------------------------
---------------------------------------------------------------------------------
Finished Renaming Generated Nets : Time (s): cpu = 00:00:29 ; elapsed = 00:00:31 . Memory (MB): peak = 1041.203 ; gain = 424.469
---------------------------------------------------------------------------------
---------------------------------------------------------------------------------
Start Writing Synthesis Report
---------------------------------------------------------------------------------

Report BlackBoxes: 
+-+--------------+----------+
| |BlackBox name |Instances |
+-+--------------+----------+
+-+--------------+----------+

Report Cell Usage: 
+------+--------+------+
|      |Cell    |Count |
+------+--------+------+
|1     |BUFG    |     2|
|2     |CARRY4  |   556|
|3     |DSP48E1 |     8|
|4     |LUT1    |   145|
|5     |LUT2    |  1651|
|6     |LUT3    |   270|
|7     |LUT4    |    39|
|8     |LUT5    |    22|
|9     |LUT6    |    60|
|10    |FDCE    |    93|
|11    |FDPE    |     1|
|12    |FDRE    |    22|
|13    |IBUF    |    14|
|14    |OBUF    |    11|
+------+--------+------+

Report Instance Areas: 
+------+---------+---------------------+------+
|      |Instance |Module               |Cells |
+------+---------+---------------------+------+
|1     |top      |                     |  2894|
|2     |  U0     |program_counter      |     8|
|3     |  U1     |mar                  |    25|
|4     |  U2     |ram                  |    85|
|5     |  U3     |instruction_register |     4|
|6     |  U4     |control_sequencer    |    52|
|7     |    U2   |presettable_counter  |    45|
|8     |    U4   |ring_counter         |     7|
|9     |  U5     |accumulator          |     4|
|10    |  U7     |b_register           |     5|
|11    |  U8     |output_register      |    24|
|12    |  U9     |seven_segment_driver |  2655|
+------+---------+---------------------+------+
---------------------------------------------------------------------------------
Finished Writing Synthesis Report : Time (s): cpu = 00:00:29 ; elapsed = 00:00:31 . Memory (MB): peak = 1041.203 ; gain = 424.469
---------------------------------------------------------------------------------
Synthesis finished with 0 errors, 36 critical warnings and 0 warnings.
Synthesis Optimization Runtime : Time (s): cpu = 00:00:22 ; elapsed = 00:00:28 . Memory (MB): peak = 1041.203 ; gain = 302.777
Synthesis Optimization Complete : Time (s): cpu = 00:00:29 ; elapsed = 00:00:31 . Memory (MB): peak = 1041.203 ; gain = 424.469
INFO: [Project 1-571] Translating synthesized netlist
INFO: [Netlist 29-17] Analyzing 564 Unisim elements for replacement
INFO: [Netlist 29-28] Unisim Transformation completed in 0 CPU seconds
WARNING: [Netlist 29-101] Netlist 'sap_1' is not ideal for floorplanning, since the cellview 'seven_segment_driver' contains a large number of primitives.  Please consider enabling hierarchy in synthesis if you want to do floorplanning.
INFO: [Project 1-570] Preparing netlist for logic optimization
INFO: [Opt 31-138] Pushed 0 inverter(s) to 0 load pin(s).
Netlist sorting complete. Time (s): cpu = 00:00:00 ; elapsed = 00:00:00 . Memory (MB): peak = 1041.203 ; gain = 0.000
INFO: [Project 1-111] Unisim Transformation Summary:
No Unisim elements were transformed.

INFO: [Common 17-83] Releasing license: Synthesis
74 Infos, 45 Warnings, 113 Critical Warnings and 0 Errors encountered.
synth_design completed successfully
synth_design: Time (s): cpu = 00:00:35 ; elapsed = 00:00:40 . Memory (MB): peak = 1041.203 ; gain = 683.695
Netlist sorting complete. Time (s): cpu = 00:00:00 ; elapsed = 00:00:00.001 . Memory (MB): peak = 1041.203 ; gain = 0.000
WARNING: [Constraints 18-5210] No constraints selected for write.
Resolution: This message can indicate that there are no constraints for the design, or it can indicate that the used_in flags are set such that the constraints are ignored. This later case is used when running synth_design to not write synthesis constraints to the resulting checkpoint. Instead, project constraints are read when the synthesized design is opened.
INFO: [Common 17-1381] The checkpoint 'D:/Documents/Vivado/SAP_1/SAP_1.runs/synth_1/sap_1.dcp' has been generated.
INFO: [runtcl-4] Executing : report_utilization -file sap_1_utilization_synth.rpt -pb sap_1_utilization_synth.pb
INFO: [Common 17-206] Exiting Vivado at Fri Jul 12 13:14:30 2019...
